4 4
0 0 0 0 0 0 0 2 2 0 0 0 0 0 0 0 0 0 Right [0]
1 4 0 0 0 0 0 0 0 4 0 0 0 2 0 0 0 0 Left [1]
2 4 0 0 0 0 4 0 0 0 2 0 0 0 0 2 0 0 Right [0]
3 4 0 0 0 0 0 0 0 4 0 2 0 2 0 0 0 2 Right [0]
4 8 0 0 0 0 0 0 0 4 0 0 0 4 0 2 0 2 Right [0]
5 12 0 0 0 0 0 0 0 4 0 0 0 4 0 0 4 4 Right [0]
6 20 0 0 0 0 0 2 0 4 0 0 0 4 0 0 0 8 Right [0]
7 20 0 0 0 0 2 0 2 4 0 0 0 4 0 0 0 8 Right [0]
8 24 0 0 0 0 0 4 4 4 0 0 0 4 0 0 0 8 Right [0]
9 32 0 0 4 0 0 0 4 8 0 0 0 4 0 0 0 8 Right [0]
10 32 0 0 0 4 0 0 4 8 0 0 0 4 4 0 0 8 Right [0]
11 32 0 0 0 4 0 0 4 8 0 0 0 4 0 4 4 8 Right [0]
12 40 0 0 0 4 2 0 4 8 0 0 0 4 0 0 8 8 Right [0]
13 56 0 2 0 4 0 2 4 8 0 0 0 4 0 0 0 16 Right [0]
14 56 0 0 2 4 0 2 4 8 0 0 0 4 0 0 4 16 Left [1]
15 56 2 4 0 0 2 4 8 0 4 0 4 0 4 16 0 0 Right [0]
16 64 0 0 2 4 0 2 4 8 2 0 0 8 0 0 4 16 Right [0]
17 64 0 0 2 4 2 2 4 8 0 0 2 8 0 0 4 16 Right [0]
18 68 4 0 2 4 0 4 4 8 0 0 2 8 0 0 4 16 Right [0]
19 76 0 4 2 4 0 0 8 8 2 0 2 8 0 0 4 16 Right [0]
20 96 0 4 2 4 0 2 0 16 0 0 4 8 0 0 4 16 Right [0]
21 96 0 4 2 4 0 2 2 16 0 0 4 8 0 0 4 16 Right [0]
22 100 0 4 2 4 0 0 4 16 0 0 4 8 0 4 4 16 Right [0]
23 108 0 4 2 4 2 0 4 16 0 0 4 8 0 0 8 16 Right [0]
24 108 0 4 2 4 0 2 4 16 0 0 4 8 4 0 8 16 Right [0]
25 108 0 4 2 4 0 2 4 16 0 2 4 8 0 4 8 16 Left [1]
26 108 4 2 4 0 2 4 16 0 2 4 8 0 4 8 16 4 Right [0]
27 108 4 4 2 4 0 2 4 16 0 2 4 8 4 8 16 4 Right [0]
28 116 0 8 2 4 0 2 4 16 4 2 4 8 4 8 16 4 Left [1]
29 116 8 2 4 4 2 4 16 0 4 2 4 8 4 8 16 4 Right [0]
30 124 0 8 2 8 2 2 4 16 4 2 4 8 4 8 16 4 Right [0]
31 128 0 8 2 8 4 4 4 16 4 2 4 8 4 8 16 4 Right [0]
32 136 0 8 2 8 2 4 8 16 4 2 4 8 4 8 16 4 Left [1]
33 136 8 2 8 4 2 4 8 16 4 2 4 8 4 8 16 4 Down [2]
34 160 0 2 2 4 8 4 16 16 2 2 4 8 8 8 16 4 Right [0]
35 216 2 0 4 4 0 8 4 32 0 4 4 8 0 16 16 4 Right [0]
36 264 0 0 2 8 0 8 4 32 0 0 8 8 0 4 32 4 Right [0]
37 280 0 2 2 8 0 8 4 32 0 0 0 16 0 4 32 4 Right [0]
38 284 2 0 4 8 0 8 4 32 0 0 0 16 0 4 32 4 Right [0]
39 284 0 2 4 8 0 8 4 32 0 0 2 16 0 4 32 4 Left [1]
40 284 2 4 8 0 8 4 32 0 2 16 0 2 4 32 4 0 Right [0]
41 284 4 2 4 8 0 8 4 32 0 2 16 2 0 4 32 4 Left [1]
42 284 4 2 4 8 8 4 32 0 2 16 2 4 4 32 4 0 Right [0]
43 284 4 2 4 8 2 8 4 32 2 16 2 4 0 4 32 4 Left [1]
44 284 4 2 4 8 2 8 4 32 2 16 2 4 4 32 4 4 Right [0]
45 292 4 2 4 8 2 8 4 32 2 16 2 4 2 4 32 8 Down [2]
46 304 2 2 0 8 4 8 8 32 2 16 2 4 4 4 32 8 Right [0]
47 332 2 0 4 8 0 4 16 32 2 16 2 4 0 8 32 8 Right [0]
48 332 2 2 4 8 0 4 16 32 2 16 2 4 0 8 32 8 Right [0]
49 336 4 4 4 8 0 4 16 32 2 16 2 4 0 8 32 8 Right [0]
50 344 0 4 8 8 2 4 16 32 2 16 2 4 0 8 32 8 Right [0]
51 360 0 4 4 16 2 4 16 32 2 16 2 4 0 8 32 8 Right [0]
52 368 0 0 8 16 2 4 16 32 2 16 2 4 4 8 32 8 Left [1]
53 368 8 16 2 0 2 4 16 32 2 16 2 4 4 8 32 8 Right [0]
54 368 2 8 16 2 2 4 16 32 2 16 2 4 4 8 32 8 Down [2]
55 404 4 8 0 2 2 4 32 32 4 16 2 4 4 8 32 8 Right [0]
56 468 0 4 8 2 2 2 4 64 4 16 2 4 4 8 32 8 Right [0]
57 472 2 4 8 2 0 4 4 64 4 16 2 4 4 8 32 8 Right [0]
58 480 2 4 8 2 0 2 8 64 4 16 2 4 4 8 32 8 Left [1]
59 480 2 4 8 2 2 8 64 2 4 16 2 4 4 8 32 8 Down [2]
60 496 2 4 8 0 0 8 64 4 4 16 2 4 8 8 32 8 Right [0]
61 512 4 2 4 8 0 8 64 4 4 16 2 4 0 16 32 8 Left [1]
62 512 4 2 4 8 8 64 4 2 4 16 2 4 16 32 8 0 Right [0]
63 512 4 2 4 8 8 64 4 2 4 16 2 4 4 16 32 8 Down [2]
64 560 2 0 0 8 4 2 8 2 8 64 2 4 8 32 32 8 Right [0]
65 624 0 0 2 8 4 2 8 2 8 64 2 4 2 8 64 8 Left [1]
66 624 2 8 2 0 4 2 8 2 8 64 2 4 2 8 64 8 Right [0]
67 624 2 2 8 2 4 2 8 2 8 64 2 4 2 8 64 8 Right [0]
68 628 2 4 8 2 4 2 8 2 8 64 2 4 2 8 64 8 Down [2]
69 648 2 4 0 4 4 2 16 4 8 64 2 4 2 8 64 8 Right [0]
70 656 0 4 2 8 4 2 16 4 8 64 2 4 2 8 64 8 Left [1]
71 656 4 2 8 2 4 2 16 4 8 64 2 4 2 8 64 8 Down [2]
72 676 4 0 8 0 8 4 16 2 8 64 2 8 2 8 64 8 Right [0]
73 676 0 4 4 8 8 4 16 2 8 64 2 8 2 8 64 8 Right [0]
74 684 2 0 8 8 8 4 16 2 8 64 2 8 2 8 64 8 Right [0]
75 700 0 2 2 16 8 4 16 2 8 64 2 8 2 8 64 8 Right [0]
76 704 0 2 4 16 8 4 16 2 8 64 2 8 2 8 64 8 Left [1]
77 704 2 4 16 4 8 4 16 2 8 64 2 8 2 8 64 8 Down [2]
78 776 0 0 4 0 2 8 32 4 16 64 2 2 2 8 64 16 Right [0]
79 780 4 0 0 4 2 8 32 4 0 16 64 4 2 8 64 16 Right [0]
80 788 0 0 4 8 2 8 32 4 0 16 64 4 2 8 64 16 Left [1]
81 788 4 8 4 0 2 8 32 4 16 64 4 0 2 8 64 16 Right [0]
82 788 0 4 8 4 2 8 32 4 2 16 64 4 2 8 64 16 Left [1]
83 788 4 8 4 4 2 8 32 4 2 16 64 4 2 8 64 16 Right [0]
84 796 2 4 8 8 2 8 32 4 2 16 64 4 2 8 64 16 Right [0]
85 812 2 2 4 16 2 8 32 4 2 16 64 4 2 8 64 16 Right [0]
86 816 2 4 4 16 2 8 32 4 2 16 64 4 2 8 64 16 Right [0]
87 824 4 2 8 16 2 8 32 4 2 16 64 4 2 8 64 16 Down [2]
88 964 4 2 0 0 4 8 8 16 2 16 32 8 4 8 128 16 Right [0]
89 980 4 0 4 2 0 4 16 16 2 16 32 8 4 8 128 16 Right [0]
90 1020 0 2 8 2 0 0 4 32 2 16 32 8 4 8 128 16 Left [1]
91 1020 2 8 2 0 4 32 0 2 2 16 32 8 4 8 128 16 Right [0]
92 1020 4 2 8 2 0 4 32 2 2 16 32 8 4 8 128 16 Left [1]
93 1020 4 2 8 2 4 32 2 2 2 16 32 8 4 8 128 16 Right [0]
94 1024 4 2 8 2 2 4 32 4 2 16 32 8 4 8 128 16 Down [2]
95 1092 0 2 2 2 4 4 8 4 4 16 64 8 4 8 128 16 Right [0]
96 1104 4 0 2 4 0 8 8 4 4 16 64 8 4 8 128 16 Right [0]
97 1120 0 4 2 4 2 0 16 4 4 16 64 8 4 8 128 16 Right [0]
98 1120 2 4 2 4 0 2 16 4 4 16 64 8 4 8 128 16 Left [1]
99 1120 2 4 2 4 2 16 4 2 4 16 64 8 4 8 128 16 Down [2]
100 1164 2 0 2 4 0 4 4 2 4 32 64 8 8 8 128 16 Right [0]
101 1192 2 0 4 4 0 0 8 2 4 32 64 8 0 16 128 16 Right [0]
102 1200 0 2 2 8 0 0 8 2 4 32 64 8 0 16 128 16 Right [0]
103 1204 0 0 4 8 4 0 8 2 4 32 64 8 0 16 128 16 Right [0]
104 1204 0 2 4 8 0 4 8 2 4 32 64 8 0 16 128 16 Left [1]
105 1204 2 4 8 0 4 8 2 0 4 32 64 8 16 128 16 2 Right [0]
106 1204 2 2 4 8 0 4 8 2 4 32 64 8 16 128 16 2 Right [0]
107 1208 2 4 4 8 0 4 8 2 4 32 64 8 16 128 16 2 Right [0]
108 1216 2 2 8 8 0 4 8 2 4 32 64 8 16 128 16 2 Right [0]
109 1236 2 0 4 16 0 4 8 2 4 32 64 8 16 128 16 2 Right [0]
110 1236 0 2 4 16 4 4 8 2 4 32 64 8 16 128 16 2 Right [0]
111 1244 4 2 4 16 0 8 8 2 4 32 64 8 16 128 16 2 Right [0]
112 1260 4 2 4 16 4 0 16 2 4 32 64 8 16 128 16 2 Right [0]
113 1260 4 2 4 16 4 4 16 2 4 32 64 8 16 128 16 2 Right [0]
114 1268 4 2 4 16 2 8 16 2 4 32 64 8 16 128 16 2 LOOSE [-1]
