4 4
0 0 0 0 0 0 0 2 0 0 0 0 0 4 0 0 0 0 Right [0]
1 0 0 0 0 0 4 0 0 2 0 0 0 4 0 0 0 0 Right [0]
2 0 0 4 0 0 0 0 4 2 0 0 0 4 0 0 0 0 Right [0]
3 0 0 4 0 4 0 0 4 2 0 0 0 4 0 0 0 0 Right [0]
4 8 2 0 0 8 0 0 4 2 0 0 0 4 0 0 0 0 Right [0]
5 8 4 0 2 8 0 0 4 2 0 0 0 4 0 0 0 0 Right [0]
6 8 0 4 2 8 0 0 4 2 0 0 0 4 0 0 2 0 Right [0]
7 8 0 4 2 8 0 0 4 2 0 0 0 4 4 0 0 2 Right [0]
8 8 4 4 2 8 0 0 4 2 0 0 0 4 0 0 4 2 Right [0]
9 16 0 8 2 8 0 0 4 2 0 0 0 4 4 0 4 2 Right [0]
10 24 0 8 2 8 0 4 4 2 0 0 0 4 0 0 8 2 Right [0]
11 32 0 8 2 8 0 0 8 2 0 0 2 4 0 0 8 2 Left [1]
12 32 8 2 8 0 8 2 0 0 2 4 4 0 8 2 0 0 Right [0]
13 40 0 8 2 8 0 0 8 2 0 0 2 8 4 0 8 2 Right [0]
14 40 0 8 2 8 0 0 8 2 0 0 2 8 2 4 8 2 Left [1]
15 40 8 2 8 0 8 2 4 0 2 8 0 0 2 4 8 2 Right [0]
16 40 0 8 2 8 0 8 2 4 0 4 2 8 2 4 8 2 Left [1]
17 40 8 2 8 0 8 2 4 2 4 2 8 0 2 4 8 2 Right [0]
18 40 4 8 2 8 8 2 4 2 0 4 2 8 2 4 8 2 Left [1]
19 40 4 8 2 8 8 2 4 2 4 2 8 2 2 4 8 2 Down [2]
20 64 4 4 0 0 8 8 2 8 4 4 4 2 2 4 16 4 Right [0]
21 96 0 0 0 8 4 16 2 8 0 4 8 2 2 4 16 4 Left [1]
22 96 8 0 0 4 4 16 2 8 4 8 2 0 2 4 16 4 Right [0]
23 96 0 4 8 4 4 16 2 8 0 4 8 2 2 4 16 4 Left [1]
24 96 4 8 4 4 4 16 2 8 4 8 2 0 2 4 16 4 Right [0]
25 104 0 4 8 8 4 16 2 8 2 4 8 2 2 4 16 4 Right [0]
26 120 4 0 4 16 4 16 2 8 2 4 8 2 2 4 16 4 Right [0]
27 128 2 0 8 16 4 16 2 8 2 4 8 2 2 4 16 4 Right [0]
28 128 2 2 8 16 4 16 2 8 2 4 8 2 2 4 16 4 Right [0]
29 132 4 4 8 16 4 16 2 8 2 4 8 2 2 4 16 4 Right [0]
30 140 4 8 8 16 4 16 2 8 2 4 8 2 2 4 16 4 Right [0]
31 156 4 4 16 16 4 16 2 8 2 4 8 2 2 4 16 4 Right [0]
32 196 2 0 8 32 4 16 2 8 2 4 8 2 2 4 16 4 Right [0]
33 196 4 2 8 32 4 16 2 8 2 4 8 2 2 4 16 4 Down [2]
34 216 0 4 8 32 0 2 2 8 8 16 8 2 4 8 16 4 Right [0]
35 220 4 4 8 32 0 0 4 8 8 16 8 2 4 8 16 4 Right [0]
36 228 4 8 8 32 0 0 4 8 8 16 8 2 4 8 16 4 Right [0]
37 244 4 4 16 32 0 0 4 8 8 16 8 2 4 8 16 4 Right [0]
38 252 0 8 16 32 0 2 4 8 8 16 8 2 4 8 16 4 Left [1]
39 252 8 16 32 0 2 4 8 4 8 16 8 2 4 8 16 4 Right [0]
40 252 4 8 16 32 2 4 8 4 8 16 8 2 4 8 16 4 Down [2]
41 268 4 8 2 32 2 4 16 4 8 16 16 2 4 8 16 4 Right [0]
42 300 4 8 2 32 2 4 16 4 2 8 32 2 4 8 16 4 Down [2]
43 320 0 4 2 32 4 8 16 4 4 4 32 2 4 16 16 4 Right [0]
44 360 4 4 2 32 4 8 16 4 0 8 32 2 0 4 32 4 Right [0]
45 368 0 8 2 32 4 8 16 4 4 8 32 2 0 4 32 4 Left [1]
46 368 8 2 32 0 4 8 16 4 4 8 32 2 4 32 4 4 Right [0]
47 376 4 8 2 32 4 8 16 4 4 8 32 2 0 4 32 8 Left [1]
48 376 4 8 2 32 4 8 16 4 4 8 32 2 4 32 8 2 Down [2]
49 412 0 0 2 2 0 8 16 32 8 16 32 4 8 32 8 4 Right [0]
50 416 0 0 0 4 4 8 16 32 8 16 32 4 8 32 8 4 Left [1]
51 416 4 2 0 0 4 8 16 32 8 16 32 4 8 32 8 4 Right [0]
52 416 4 0 4 2 4 8 16 32 8 16 32 4 8 32 8 4 Right [0]
53 424 4 0 8 2 4 8 16 32 8 16 32 4 8 32 8 4 Right [0]
54 424 2 4 8 2 4 8 16 32 8 16 32 4 8 32 8 4 Down [2]
55 448 2 4 8 0 2 8 16 2 4 16 32 32 16 32 8 8 Right [0]
56 528 0 2 4 8 2 8 16 2 0 4 16 64 2 16 32 16 Left [1]
57 528 2 4 8 0 2 8 16 2 4 16 64 4 2 16 32 16 Right [0]
58 528 4 2 4 8 2 8 16 2 4 16 64 4 2 16 32 16 Down [2]
59 560 4 4 4 8 2 2 16 2 4 8 64 4 2 32 32 16 Right [0]
60 636 0 4 8 8 0 4 16 2 4 8 64 4 2 2 64 16 Right [0]
61 656 0 0 4 16 4 4 16 2 4 8 64 4 0 4 64 16 Right [0]
62 664 0 4 4 16 0 8 16 2 4 8 64 4 0 4 64 16 Right [0]
63 672 0 4 8 16 0 8 16 2 4 8 64 4 0 4 64 16 Left [1]
64 672 4 8 16 0 8 16 2 4 4 8 64 4 4 64 16 0 Right [0]
65 672 0 4 8 16 8 16 2 4 4 8 64 4 2 4 64 16 Left [1]
66 672 4 8 16 4 8 16 2 4 4 8 64 4 2 4 64 16 Down [2]
67 808 4 8 2 0 8 16 16 4 4 8 2 8 2 4 128 16 Right [0]
68 840 0 4 8 2 2 8 32 4 4 8 2 8 2 4 128 16 Left [1]
69 840 4 8 2 2 2 8 32 4 4 8 2 8 2 4 128 16 Right [0]
70 844 2 4 8 4 2 8 32 4 4 8 2 8 2 4 128 16 Down [2]
71 872 0 0 8 2 4 4 32 8 4 16 2 8 2 4 128 16 Right [0]
72 880 0 0 8 2 4 8 32 8 4 16 2 8 2 4 128 16 Left [1]
73 880 8 2 0 2 4 8 32 8 4 16 2 8 2 4 128 16 Right [0]
74 884 2 0 8 4 4 8 32 8 4 16 2 8 2 4 128 16 Right [0]
75 884 4 2 8 4 4 8 32 8 4 16 2 8 2 4 128 16 Down [2]
76 908 0 2 8 2 4 8 32 4 8 16 2 16 2 4 128 16 Left [1]
77 908 2 8 2 2 4 8 32 4 8 16 2 16 2 4 128 16 Right [0]
78 912 4 2 8 4 4 8 32 4 8 16 2 16 2 4 128 16 Down [2]
79 960 0 2 8 0 8 8 32 4 8 16 2 8 2 4 128 32 Right [0]
80 976 0 0 2 8 2 16 32 4 8 16 2 8 2 4 128 32 Left [1]
81 976 2 8 2 0 2 16 32 4 8 16 2 8 2 4 128 32 Right [0]
82 976 4 2 8 2 2 16 32 4 8 16 2 8 2 4 128 32 Down [2]
83 1008 4 2 8 2 2 2 32 4 8 32 2 8 2 4 128 32 Right [0]
84 1012 4 2 8 2 2 4 32 4 8 32 2 8 2 4 128 32 LOOSE [-1]
