4 4
0 0 2 0 0 0 0 0 0 4 0 0 0 0 0 0 0 0 Right [0]
1 0 0 0 0 2 0 0 0 4 2 0 0 0 0 0 0 0 Right [0]
2 0 0 0 0 2 0 0 0 4 0 0 4 2 0 0 0 0 Left [1]
3 0 2 0 4 0 4 0 0 0 4 2 0 0 0 0 0 0 Right [0]
4 0 0 0 2 4 0 0 0 4 2 0 4 2 0 0 0 0 Right [0]
5 0 0 0 2 4 0 0 0 4 0 2 4 2 0 4 0 0 Right [0]
6 0 0 0 2 4 0 0 4 4 0 2 4 2 0 0 0 4 Right [0]
7 8 0 0 2 4 0 2 0 8 0 2 4 2 0 0 0 4 Right [0]
8 8 0 0 2 4 0 0 2 8 2 2 4 2 0 0 0 4 Right [0]
9 12 0 0 2 4 0 0 2 8 0 4 4 2 0 4 0 4 Right [0]
10 28 0 0 2 4 0 0 2 8 0 0 8 2 4 0 0 8 Right [0]
11 28 0 0 2 4 0 4 2 8 0 0 8 2 0 0 4 8 Left [1]
12 28 2 4 0 0 4 2 8 2 8 2 0 0 4 8 0 0 Right [0]
13 28 0 0 2 4 4 2 8 2 0 0 8 2 0 2 4 8 Left [1]
14 28 2 4 2 0 4 2 8 2 8 2 0 0 2 4 8 0 Right [0]
15 28 0 2 4 2 4 2 8 2 0 0 8 2 2 2 4 8 Right [0]
16 32 0 2 4 2 4 2 8 2 0 0 8 2 2 4 4 8 Right [0]
17 40 0 2 4 2 4 2 8 2 0 2 8 2 0 2 8 8 Right [0]
18 56 4 2 4 2 4 2 8 2 0 2 8 2 0 0 2 16 Left [1]
19 56 4 2 4 2 4 2 8 2 2 8 2 0 2 16 2 0 Right [0]
20 56 4 2 4 2 4 2 8 2 4 2 8 2 0 2 16 2 Left [1]
21 56 4 2 4 2 4 2 8 2 4 2 8 2 2 16 2 2 Right [0]
22 60 4 2 4 2 4 2 8 2 4 2 8 2 2 2 16 4 Right [0]
23 64 4 2 4 2 4 2 8 2 4 2 8 2 4 4 16 4 Right [0]
24 72 4 2 4 2 4 2 8 2 4 2 8 2 2 8 16 4 Down [2]
25 104 0 0 2 0 4 2 4 2 8 4 16 4 2 8 16 4 Right [0]
26 104 0 0 2 2 4 2 4 2 8 4 16 4 2 8 16 4 Right [0]
27 108 0 4 0 4 4 2 4 2 8 4 16 4 2 8 16 4 Right [0]
28 116 0 0 2 8 4 2 4 2 8 4 16 4 2 8 16 4 Left [1]
29 116 2 8 0 4 4 2 4 2 8 4 16 4 2 8 16 4 Right [0]
30 116 2 2 8 4 4 2 4 2 8 4 16 4 2 8 16 4 Right [0]
31 120 4 4 8 4 4 2 4 2 8 4 16 4 2 8 16 4 Right [0]
32 128 4 8 8 4 4 2 4 2 8 4 16 4 2 8 16 4 Right [0]
33 144 2 4 16 4 4 2 4 2 8 4 16 4 2 8 16 4 Down [2]
34 184 2 4 2 0 4 2 16 4 8 4 4 2 2 8 32 8 Right [0]
35 192 0 2 4 2 4 2 16 4 2 8 8 2 2 8 32 8 Right [0]
36 208 4 2 4 2 4 2 16 4 0 2 16 2 2 8 32 8 Left [1]
37 208 4 2 4 2 4 2 16 4 2 16 2 2 2 8 32 8 Right [0]
38 212 4 2 4 2 4 2 16 4 4 2 16 4 2 8 32 8 Down [2]
39 264 0 2 0 0 4 2 4 2 8 4 32 8 2 8 32 8 Right [0]
40 264 0 4 0 2 4 2 4 2 8 4 32 8 2 8 32 8 Right [0]
41 264 0 4 4 2 4 2 4 2 8 4 32 8 2 8 32 8 Right [0]
42 272 0 2 8 2 4 2 4 2 8 4 32 8 2 8 32 8 Left [1]
43 272 2 8 2 4 4 2 4 2 8 4 32 8 2 8 32 8 Down [2]
44 352 2 8 0 2 4 2 2 4 8 4 4 2 2 8 64 16 Right [0]
45 364 0 2 8 2 0 4 4 4 4 8 8 2 2 8 64 16 Right [0]
46 388 0 2 8 2 0 4 4 8 0 4 16 2 2 8 64 16 Right [0]
47 396 0 2 8 2 0 0 8 8 4 4 16 2 2 8 64 16 Right [0]
48 420 0 2 8 2 0 0 4 16 0 8 16 2 2 8 64 16 Left [1]
49 420 2 8 2 2 4 16 0 0 8 16 2 0 2 8 64 16 Right [0]
50 424 4 2 8 4 0 0 4 16 0 8 16 2 2 8 64 16 Left [1]
51 424 4 2 8 4 4 16 2 0 8 16 2 0 2 8 64 16 Right [0]
52 424 4 2 8 4 2 4 16 2 0 8 16 2 2 8 64 16 Left [1]
53 424 4 2 8 4 2 4 16 2 8 16 2 4 2 8 64 16 LOOSE [-1]
