4 4
0 0 0 0 0 0 0 0 0 0 4 0 0 2 0 0 0 0 Right [0]
1 0 0 0 0 0 0 0 0 0 0 0 4 2 0 0 2 0 Right [0]
2 0 0 0 0 0 0 0 0 0 0 4 4 2 0 0 0 2 Right [0]
3 8 0 0 0 0 0 0 0 0 0 0 8 2 2 0 0 2 Right [0]
4 12 0 0 0 0 0 0 0 0 0 0 8 2 4 0 0 4 Right [0]
5 20 0 4 0 0 0 0 0 0 0 0 8 2 0 0 0 8 Right [0]
6 20 0 0 0 4 0 2 0 0 0 0 8 2 0 0 0 8 Right [0]
7 20 4 0 0 4 0 0 0 2 0 0 8 2 0 0 0 8 Right [0]
8 28 0 0 0 8 0 0 0 2 4 0 8 2 0 0 0 8 Right [0]
9 28 0 0 0 8 0 0 0 2 4 4 8 2 0 0 0 8 Right [0]
10 36 0 0 0 8 0 0 0 2 2 8 8 2 0 0 0 8 Right [0]
11 52 0 0 0 8 4 0 0 2 0 2 16 2 0 0 0 8 Right [0]
12 52 0 0 0 8 0 4 4 2 0 2 16 2 0 0 0 8 Right [0]
13 60 0 0 4 8 0 0 8 2 0 2 16 2 0 0 0 8 Left [1]
14 60 4 8 0 0 8 2 0 0 2 16 2 0 8 0 2 0 Right [0]
15 60 0 0 4 8 0 0 8 2 0 2 16 2 4 0 8 2 Right [0]
16 60 0 0 4 8 0 0 8 2 0 2 16 2 2 4 8 2 Left [1]
17 60 4 8 0 0 8 2 0 0 2 16 2 2 2 4 8 2 Right [0]
18 64 0 2 4 8 0 0 8 2 0 2 16 4 2 4 8 2 Left [1]
19 64 2 4 8 0 8 2 0 0 2 16 4 2 2 4 8 2 Right [0]
20 64 0 2 4 8 4 0 8 2 2 16 4 2 2 4 8 2 Right [0]
21 64 4 2 4 8 0 4 8 2 2 16 4 2 2 4 8 2 Left [1]
22 64 4 2 4 8 4 8 2 4 2 16 4 2 2 4 8 2 Down [2]
23 80 0 2 4 0 4 8 2 8 8 16 4 4 4 4 8 4 Right [0]
24 96 0 2 2 4 4 8 2 8 0 8 16 8 0 8 8 4 Right [0]
25 116 0 0 4 4 4 8 2 8 0 8 16 8 0 2 16 4 Right [0]
26 124 0 2 0 8 4 8 2 8 0 8 16 8 0 2 16 4 Right [0]
27 124 0 0 2 8 4 8 2 8 0 8 16 8 2 2 16 4 Right [0]
28 128 0 0 2 8 4 8 2 8 4 8 16 8 0 4 16 4 Left [1]
29 128 2 8 0 4 4 8 2 8 4 8 16 8 4 16 4 0 Right [0]
30 128 4 2 8 4 4 8 2 8 4 8 16 8 0 4 16 4 Left [1]
31 128 4 2 8 4 4 8 2 8 4 8 16 8 4 16 4 4 Right [0]
32 136 4 2 8 4 4 8 2 8 4 8 16 8 4 4 16 8 Right [0]
33 144 4 2 8 4 4 8 2 8 4 8 16 8 2 8 16 8 Down [2]
34 216 0 0 0 2 4 2 8 4 8 8 2 8 2 16 32 16 Right [0]
35 232 4 0 0 2 4 2 8 4 0 16 2 8 2 16 32 16 Right [0]
36 232 2 0 4 2 4 2 8 4 0 16 2 8 2 16 32 16 Right [0]
37 232 2 2 4 2 4 2 8 4 0 16 2 8 2 16 32 16 Right [0]
38 236 2 4 4 2 4 2 8 4 0 16 2 8 2 16 32 16 Right [0]
39 244 2 2 8 2 4 2 8 4 0 16 2 8 2 16 32 16 Right [0]
40 248 4 4 8 2 4 2 8 4 0 16 2 8 2 16 32 16 Right [0]
41 256 0 8 8 2 4 2 8 4 2 16 2 8 2 16 32 16 Right [0]
42 272 0 2 16 2 4 2 8 4 2 16 2 8 2 16 32 16 Left [1]
43 272 2 16 2 4 4 2 8 4 2 16 2 8 2 16 32 16 Down [2]
44 316 2 0 2 0 2 16 8 8 4 2 2 8 4 32 32 16 Right [0]
45 404 0 0 2 4 0 2 16 16 0 4 4 8 0 4 64 16 Right [0]
46 444 0 0 2 4 0 0 2 32 2 0 8 8 0 4 64 16 Right [0]
47 460 0 0 2 4 2 0 2 32 0 0 2 16 0 4 64 16 Right [0]
48 464 0 4 2 4 0 0 4 32 0 0 2 16 0 4 64 16 Left [1]
49 464 4 2 4 2 4 32 0 0 2 16 0 0 4 64 16 0 Right [0]
50 464 4 2 4 2 0 0 4 32 4 0 2 16 0 4 64 16 Right [0]
51 464 4 2 4 2 0 4 4 32 0 4 2 16 0 4 64 16 Right [0]
52 472 4 2 4 2 0 0 8 32 4 4 2 16 0 4 64 16 Right [0]
53 480 4 2 4 2 2 0 8 32 0 8 2 16 0 4 64 16 Right [0]
54 480 4 2 4 2 2 2 8 32 0 8 2 16 0 4 64 16 Right [0]
55 484 4 2 4 2 0 4 8 32 4 8 2 16 0 4 64 16 Left [1]
56 484 4 2 4 2 4 8 32 0 4 8 2 16 4 64 16 4 Right [0]
57 484 4 2 4 2 2 4 8 32 4 8 2 16 4 64 16 4 Down [2]
58 492 4 2 4 2 4 4 8 32 2 8 2 16 8 64 16 4 Right [0]
59 500 4 2 4 2 2 8 8 32 2 8 2 16 8 64 16 4 Right [0]
60 516 4 2 4 2 2 2 16 32 2 8 2 16 8 64 16 4 Right [0]
61 520 4 2 4 2 2 4 16 32 2 8 2 16 8 64 16 4 Down [2]
62 524 4 2 4 2 4 4 16 32 4 8 2 16 8 64 16 4 Right [0]
63 532 4 2 4 2 4 8 16 32 4 8 2 16 8 64 16 4 Down [2]
64 556 4 0 4 2 4 2 16 32 8 16 2 16 8 64 16 4 Right [0]
65 564 0 2 8 2 4 2 16 32 8 16 2 16 8 64 16 4 Left [1]
66 564 2 8 2 4 4 2 16 32 8 16 2 16 8 64 16 4 Down [2]
67 580 2 8 2 4 2 2 16 32 4 16 2 16 16 64 16 4 Right [0]
68 584 2 8 2 4 4 4 16 32 4 16 2 16 16 64 16 4 Right [0]
69 592 2 8 2 4 4 8 16 32 4 16 2 16 16 64 16 4 Down [2]
70 616 0 2 2 4 2 16 16 32 8 16 2 16 16 64 16 4 Right [0]
71 652 0 2 4 4 0 2 32 32 8 16 2 16 16 64 16 4 Right [0]
72 724 0 0 2 8 4 0 2 64 8 16 2 16 16 64 16 4 Right [0]
73 724 0 4 2 8 0 4 2 64 8 16 2 16 16 64 16 4 Left [1]
74 724 4 2 8 0 4 2 64 2 8 16 2 16 16 64 16 4 Right [0]
75 724 4 4 2 8 4 2 64 2 8 16 2 16 16 64 16 4 Right [0]
76 732 2 8 2 8 4 2 64 2 8 16 2 16 16 64 16 4 LOOSE [-1]
