4 4
0 0 2 0 0 0 0 0 0 0 2 0 0 0 0 0 0 0 Right [0]
1 0 0 0 0 2 0 0 0 0 0 0 0 2 0 2 0 0 Right [0]
2 0 0 0 0 2 0 0 0 0 0 0 4 2 0 0 0 2 Left [1]
3 0 2 0 0 0 0 0 2 0 4 2 0 0 2 0 0 0 Right [0]
4 0 0 0 0 2 0 0 0 2 2 0 4 2 0 0 0 2 Right [0]
5 0 0 0 0 2 0 0 4 2 0 2 4 2 0 0 0 2 Left [1]
6 0 2 0 0 0 4 2 0 0 2 4 2 2 2 0 0 0 Right [0]
7 4 0 0 4 2 0 0 4 2 0 2 4 4 0 0 0 2 Right [0]
8 12 4 0 4 2 0 0 4 2 0 0 2 8 0 0 0 2 Right [0]
9 20 0 0 8 2 0 0 4 2 2 0 2 8 0 0 0 2 Right [0]
10 24 0 0 8 2 0 2 4 2 0 0 4 8 0 0 0 2 Left [1]
11 24 8 2 4 0 2 4 2 0 4 8 0 0 2 0 0 0 Right [0]
12 24 0 8 2 4 0 2 4 2 0 0 4 8 0 4 0 2 Right [0]
13 24 0 8 2 4 0 2 4 2 0 0 4 8 0 4 4 2 Right [0]
14 32 0 8 2 4 0 2 4 2 0 4 4 8 0 0 8 2 Right [0]
15 40 0 8 2 4 0 2 4 2 0 0 8 8 0 4 8 2 Right [0]
16 56 0 8 2 4 4 2 4 2 0 0 0 16 0 4 8 2 Left [1]
17 56 8 2 4 0 4 2 4 2 16 0 0 0 4 8 2 2 Right [0]
18 60 4 8 2 4 4 2 4 2 0 0 0 16 0 4 8 4 Left [1]
19 60 4 8 2 4 4 2 4 2 16 0 0 0 4 8 4 2 Right [0]
20 60 4 8 2 4 4 2 4 2 0 2 0 16 4 8 4 2 Right [0]
21 60 4 8 2 4 4 2 4 2 4 0 2 16 4 8 4 2 Right [0]
22 60 4 8 2 4 4 2 4 2 4 4 2 16 4 8 4 2 Right [0]
23 68 4 8 2 4 4 2 4 2 2 8 2 16 4 8 4 2 Down [2]
24 92 2 0 2 4 8 8 4 2 2 2 2 16 4 16 4 2 Right [0]
25 116 0 2 4 4 0 16 4 2 0 2 4 16 4 16 4 2 Right [0]
26 124 0 0 2 8 0 16 4 2 4 2 4 16 4 16 4 2 Left [1]
27 124 2 8 4 0 16 4 2 0 4 2 4 16 4 16 4 2 Right [0]
28 124 0 2 8 4 2 16 4 2 4 2 4 16 4 16 4 2 Left [1]
29 124 2 8 4 4 2 16 4 2 4 2 4 16 4 16 4 2 Right [0]
30 132 2 2 8 8 2 16 4 2 4 2 4 16 4 16 4 2 Right [0]
31 152 2 0 4 16 2 16 4 2 4 2 4 16 4 16 4 2 Right [0]
32 152 4 2 4 16 2 16 4 2 4 2 4 16 4 16 4 2 Down [2]
33 176 0 2 0 16 4 16 4 2 2 2 8 16 8 16 8 2 Right [0]
34 180 0 2 2 16 4 16 4 2 0 4 8 16 8 16 8 2 Right [0]
35 184 0 4 4 16 4 16 4 2 0 4 8 16 8 16 8 2 Right [0]
36 192 0 4 8 16 4 16 4 2 0 4 8 16 8 16 8 2 Left [1]
37 192 4 8 16 4 4 16 4 2 4 8 16 0 8 16 8 2 Right [0]
38 192 4 8 16 4 4 16 4 2 2 4 8 16 8 16 8 2 Down [2]
39 216 0 8 2 4 8 16 16 2 2 4 4 16 8 16 16 2 Right [0]
40 288 0 8 2 4 0 8 32 2 0 2 8 16 4 8 32 2 Left [1]
41 288 8 2 4 0 8 32 2 0 2 8 16 4 4 8 32 2 Right [0]
42 288 0 8 2 4 4 8 32 2 2 8 16 4 4 8 32 2 Left [1]
43 288 8 2 4 4 4 8 32 2 2 8 16 4 4 8 32 2 Right [0]
44 296 4 8 2 8 4 8 32 2 2 8 16 4 4 8 32 2 Down [2]
45 336 0 0 2 8 8 2 32 2 2 16 16 4 4 16 32 2 Right [0]
46 368 0 2 2 8 8 2 32 2 0 2 32 4 4 16 32 2 Right [0]
47 372 0 4 4 8 8 2 32 2 0 2 32 4 4 16 32 2 Right [0]
48 380 4 0 8 8 8 2 32 2 0 2 32 4 4 16 32 2 Right [0]
49 396 0 0 4 16 8 2 32 2 2 2 32 4 4 16 32 2 Right [0]
50 400 0 0 4 16 8 2 32 2 2 4 32 4 4 16 32 2 Left [1]
51 400 4 16 0 2 8 2 32 2 2 4 32 4 4 16 32 2 Right [0]
52 400 2 4 16 2 8 2 32 2 2 4 32 4 4 16 32 2 Down [2]
53 468 2 4 2 0 8 2 16 4 2 4 32 4 4 16 64 2 Right [0]
54 468 2 2 4 2 8 2 16 4 2 4 32 4 4 16 64 2 Right [0]
55 472 2 4 4 2 8 2 16 4 2 4 32 4 4 16 64 2 Right [0]
56 480 4 2 8 2 8 2 16 4 2 4 32 4 4 16 64 2 Down [2]
57 492 4 0 8 4 8 4 16 2 2 4 32 8 4 16 64 2 Right [0]
58 492 4 4 8 4 8 4 16 2 2 4 32 8 4 16 64 2 Right [0]
59 500 2 8 8 4 8 4 16 2 2 4 32 8 4 16 64 2 Right [0]
60 516 2 2 16 4 8 4 16 2 2 4 32 8 4 16 64 2 Right [0]
61 520 2 4 16 4 8 4 16 2 2 4 32 8 4 16 64 2 Down [2]
62 560 2 0 2 4 8 4 32 2 2 8 32 8 4 16 64 2 Right [0]
63 564 4 0 4 4 8 4 32 2 2 8 32 8 4 16 64 2 Right [0]
64 572 0 2 4 8 8 4 32 2 2 8 32 8 4 16 64 2 Left [1]
65 572 2 4 8 2 8 4 32 2 2 8 32 8 4 16 64 2 Down [2]
66 648 2 2 0 0 8 8 8 4 2 8 64 8 4 16 64 2 Right [0]
67 668 2 0 0 4 0 8 16 4 2 8 64 8 4 16 64 2 Right [0]
68 668 0 0 2 4 4 8 16 4 2 8 64 8 4 16 64 2 Left [1]
69 668 2 4 4 0 4 8 16 4 2 8 64 8 4 16 64 2 Right [0]
70 676 0 4 2 8 4 8 16 4 2 8 64 8 4 16 64 2 Left [1]
71 676 4 2 8 4 4 8 16 4 2 8 64 8 4 16 64 2 Down [2]
72 836 0 0 4 0 8 2 8 8 2 16 16 8 4 16 128 2 Right [0]
73 884 0 0 0 4 4 8 2 16 0 2 32 8 4 16 128 2 Left [1]
74 884 4 0 0 0 4 8 2 16 2 32 8 2 4 16 128 2 Right [0]
75 884 2 0 0 4 4 8 2 16 2 32 8 2 4 16 128 2 Right [0]
76 884 0 2 2 4 4 8 2 16 2 32 8 2 4 16 128 2 Right [0]
77 888 0 4 4 4 4 8 2 16 2 32 8 2 4 16 128 2 Right [0]
78 896 0 2 4 8 4 8 2 16 2 32 8 2 4 16 128 2 Left [1]
79 896 2 4 8 4 4 8 2 16 2 32 8 2 4 16 128 2 Down [2]
80 900 2 4 8 2 4 8 2 4 2 32 8 16 4 16 128 4 LOOSE [-1]
