4 4
0 0 0 0 0 0 4 0 0 0 0 0 0 0 0 0 0 2 Right [0]
1 0 0 0 2 0 0 0 0 4 0 0 0 0 0 0 0 2 Right [0]
2 0 4 0 0 2 0 0 0 4 0 0 0 0 0 0 0 2 Right [0]
3 0 0 0 4 2 0 0 0 4 0 0 0 0 2 0 0 2 Right [0]
4 4 0 0 4 2 0 4 0 4 0 0 0 0 0 0 0 4 Right [0]
5 12 0 2 4 2 0 0 0 8 0 0 0 0 0 0 0 4 Left [1]
6 12 2 4 2 0 8 0 2 0 0 0 0 0 4 0 0 0 Right [0]
7 12 0 2 4 2 0 0 8 2 2 0 0 0 0 0 0 4 Right [0]
8 12 0 2 4 2 0 4 8 2 0 0 0 2 0 0 0 4 Left [1]
9 12 2 4 2 0 4 8 2 4 2 0 0 0 4 0 0 0 Right [0]
10 12 0 2 4 2 4 8 2 4 0 0 0 2 0 0 2 4 Left [1]
11 12 2 4 2 0 4 8 2 4 2 0 0 0 2 4 0 2 Right [0]
12 12 0 2 4 2 4 8 2 4 2 0 0 2 0 2 4 2 Right [0]
13 16 0 2 4 2 4 8 2 4 4 0 0 4 0 2 4 2 Right [0]
14 24 2 2 4 2 4 8 2 4 0 0 0 8 0 2 4 2 Right [0]
15 28 0 4 4 2 4 8 2 4 0 4 0 8 0 2 4 2 Right [0]
16 36 0 0 8 2 4 8 2 4 0 0 4 8 2 2 4 2 Right [0]
17 40 4 0 8 2 4 8 2 4 0 0 4 8 0 4 4 2 Right [0]
18 48 0 4 8 2 4 8 2 4 0 4 4 8 0 0 8 2 Right [0]
19 56 0 4 8 2 4 8 2 4 0 0 8 8 0 2 8 2 Right [0]
20 72 4 4 8 2 4 8 2 4 0 0 0 16 0 2 8 2 Right [0]
21 80 2 8 8 2 4 8 2 4 0 0 0 16 0 2 8 2 Right [0]
22 96 0 2 16 2 4 8 2 4 0 0 0 16 4 2 8 2 Left [1]
23 96 2 16 2 2 4 8 2 4 16 0 0 0 4 2 8 2 Right [0]
24 100 0 2 16 4 4 8 2 4 0 0 4 16 4 2 8 2 Left [1]
25 100 2 16 4 0 4 8 2 4 4 16 0 4 4 2 8 2 Right [0]
26 100 4 2 16 4 4 8 2 4 0 4 16 4 4 2 8 2 Left [1]
27 100 4 2 16 4 4 8 2 4 4 16 4 2 4 2 8 2 Down [2]
28 128 2 2 16 0 0 8 2 0 8 16 4 8 8 2 8 4 Right [0]
29 132 0 0 4 16 0 4 8 2 8 16 4 8 8 2 8 4 Left [1]
30 132 4 16 4 0 4 8 2 0 8 16 4 8 8 2 8 4 Right [0]
31 132 0 4 16 4 2 4 8 2 8 16 4 8 8 2 8 4 Left [1]
32 132 4 16 4 4 2 4 8 2 8 16 4 8 8 2 8 4 Right [0]
33 140 2 4 16 8 2 4 8 2 8 16 4 8 8 2 8 4 Down [2]
34 168 0 4 16 8 0 8 8 2 4 16 4 8 16 2 8 4 Right [0]
35 184 0 4 16 8 0 2 16 2 4 16 4 8 16 2 8 4 Left [1]
36 184 4 16 8 0 2 16 2 2 4 16 4 8 16 2 8 4 Right [0]
37 188 0 4 16 8 2 2 16 4 4 16 4 8 16 2 8 4 Right [0]
38 192 0 4 16 8 2 4 16 4 4 16 4 8 16 2 8 4 Left [1]
39 192 4 16 8 4 2 4 16 4 4 16 4 8 16 2 8 4 Down [2]
40 200 4 16 8 4 2 4 16 8 4 16 4 8 16 2 8 4 Down [2]
41 216 4 16 8 2 2 4 16 4 4 16 4 16 16 2 8 4 LOOSE [-1]
