4 4
0 0 0 0 0 0 0 0 2 0 2 0 0 0 0 0 0 0 Right [0]
1 0 0 0 0 0 0 0 4 2 0 0 0 2 0 0 0 0 Left [1]
2 0 0 0 0 0 4 2 0 0 2 0 0 0 0 2 0 0 Right [0]
3 0 0 0 0 0 2 0 4 2 0 0 0 2 0 0 0 2 Right [0]
4 0 0 0 0 0 0 2 4 2 0 0 0 2 4 0 0 2 Right [0]
5 0 0 0 0 0 0 2 4 2 0 0 0 2 4 0 4 2 Right [0]
6 8 0 0 0 0 0 2 4 2 0 0 2 2 0 0 8 2 Right [0]
7 12 0 0 0 0 0 2 4 2 0 0 4 4 0 0 8 2 Right [0]
8 20 0 0 0 0 0 2 4 2 0 4 0 8 0 0 8 2 Right [0]
9 20 4 0 0 0 0 2 4 2 0 0 4 8 0 0 8 2 Right [0]
10 20 0 0 0 4 0 2 4 2 0 4 4 8 0 0 8 2 Right [0]
11 28 0 0 0 4 0 2 4 2 2 0 8 8 0 0 8 2 Right [0]
12 44 0 0 0 4 0 2 4 2 0 0 2 16 0 4 8 2 Left [1]
13 44 4 2 0 0 2 4 2 0 2 16 0 0 4 8 2 0 Right [0]
14 44 0 0 4 2 0 2 4 2 2 0 2 16 0 4 8 2 Right [0]
15 48 0 0 4 2 0 2 4 2 0 2 4 16 0 4 8 2 Left [1]
16 48 4 2 2 0 2 4 2 0 2 4 16 0 4 8 2 0 Right [0]
17 52 0 0 4 4 0 2 4 2 0 2 4 16 2 4 8 2 Right [0]
18 60 0 2 0 8 0 2 4 2 0 2 4 16 2 4 8 2 Right [0]
19 60 2 0 2 8 0 2 4 2 0 2 4 16 2 4 8 2 Right [0]
20 64 0 0 4 8 0 2 4 2 4 2 4 16 2 4 8 2 Left [1]
21 64 4 8 0 0 2 4 2 2 4 2 4 16 2 4 8 2 Right [0]
22 68 0 0 4 8 4 2 4 4 4 2 4 16 2 4 8 2 Right [0]
23 76 0 2 4 8 0 4 2 8 4 2 4 16 2 4 8 2 Left [1]
24 76 2 4 8 0 4 2 8 2 4 2 4 16 2 4 8 2 Right [0]
25 76 2 2 4 8 4 2 8 2 4 2 4 16 2 4 8 2 Right [0]
26 80 4 4 4 8 4 2 8 2 4 2 4 16 2 4 8 2 Right [0]
27 88 2 4 8 8 4 2 8 2 4 2 4 16 2 4 8 2 Right [0]
28 104 2 2 4 16 4 2 8 2 4 2 4 16 2 4 8 2 Right [0]
29 108 2 4 4 16 4 2 8 2 4 2 4 16 2 4 8 2 Right [0]
30 116 4 2 8 16 4 2 8 2 4 2 4 16 2 4 8 2 Down [2]
31 144 0 2 0 16 4 2 16 2 8 4 4 16 2 4 8 2 Right [0]
32 152 0 2 2 16 4 2 16 2 0 8 8 16 2 4 8 2 Right [0]
33 172 4 0 4 16 4 2 16 2 0 0 16 16 2 4 8 2 Right [0]
34 212 0 0 8 16 4 2 16 2 0 0 2 32 2 4 8 2 Left [1]
35 212 8 16 4 0 4 2 16 2 2 32 0 0 2 4 8 2 Right [0]
36 212 0 8 16 4 4 2 16 2 0 4 2 32 2 4 8 2 Left [1]
37 212 8 16 4 2 4 2 16 2 4 2 32 0 2 4 8 2 Right [0]
38 212 8 16 4 2 4 2 16 2 4 4 2 32 2 4 8 2 Right [0]
39 220 8 16 4 2 4 2 16 2 2 8 2 32 2 4 8 2 Down [2]
40 228 0 16 4 2 8 2 16 4 4 8 2 32 4 4 8 2 Right [0]
41 236 2 16 4 2 8 2 16 4 4 8 2 32 0 8 8 2 Right [0]
42 252 2 16 4 2 8 2 16 4 4 8 2 32 0 4 16 2 Left [1]
43 252 2 16 4 2 8 2 16 4 4 8 2 32 4 16 2 2 Right [0]
44 256 2 16 4 2 8 2 16 4 4 8 2 32 4 4 16 4 Right [0]
45 264 2 16 4 2 8 2 16 4 4 8 2 32 4 8 16 4 Down [2]
46 288 0 4 4 2 2 16 16 4 8 2 2 32 8 16 16 4 Right [0]
47 364 0 0 8 2 2 2 32 4 0 8 4 32 0 8 32 4 Right [0]
48 368 0 0 8 2 0 4 32 4 0 8 4 32 4 8 32 4 Left [1]
49 368 8 2 0 0 4 32 4 0 8 4 32 4 4 8 32 4 Right [0]
50 368 2 0 8 2 0 4 32 4 8 4 32 4 4 8 32 4 Right [0]
51 368 4 2 8 2 0 4 32 4 8 4 32 4 4 8 32 4 Left [1]
52 368 4 2 8 2 4 32 4 4 8 4 32 4 4 8 32 4 Right [0]
53 376 4 2 8 2 2 4 32 8 8 4 32 4 4 8 32 4 Down [2]
54 456 4 0 2 0 2 2 8 2 8 8 32 8 4 8 64 8 Right [0]
55 476 0 0 4 2 0 4 8 2 2 16 32 8 4 8 64 8 Left [1]
56 476 4 2 2 0 4 8 2 0 2 16 32 8 4 8 64 8 Right [0]
57 480 0 2 4 4 0 4 8 2 2 16 32 8 4 8 64 8 Right [0]
58 488 0 2 2 8 0 4 8 2 2 16 32 8 4 8 64 8 Right [0]
59 492 0 4 4 8 0 4 8 2 2 16 32 8 4 8 64 8 Right [0]
60 500 0 4 8 8 0 4 8 2 2 16 32 8 4 8 64 8 Right [0]
61 516 4 0 4 16 0 4 8 2 2 16 32 8 4 8 64 8 Right [0]
62 524 0 4 8 16 0 4 8 2 2 16 32 8 4 8 64 8 Left [1]
63 524 4 8 16 0 4 8 2 2 2 16 32 8 4 8 64 8 Right [0]
64 528 4 4 8 16 0 4 8 4 2 16 32 8 4 8 64 8 Right [0]
65 536 2 8 8 16 0 4 8 4 2 16 32 8 4 8 64 8 Right [0]
66 552 0 2 16 16 4 4 8 4 2 16 32 8 4 8 64 8 Right [0]
67 592 4 0 2 32 0 8 8 4 2 16 32 8 4 8 64 8 Right [0]
68 608 0 4 2 32 2 0 16 4 2 16 32 8 4 8 64 8 Right [0]
69 608 4 4 2 32 0 2 16 4 2 16 32 8 4 8 64 8 Right [0]
70 616 0 8 2 32 2 2 16 4 2 16 32 8 4 8 64 8 Right [0]
71 620 2 8 2 32 0 4 16 4 2 16 32 8 4 8 64 8 Left [1]
72 620 2 8 2 32 4 16 4 4 2 16 32 8 4 8 64 8 Right [0]
73 628 2 8 2 32 4 4 16 8 2 16 32 8 4 8 64 8 Right [0]
74 636 2 8 2 32 2 8 16 8 2 16 32 8 4 8 64 8 Down [2]
75 672 4 0 2 0 2 16 16 32 4 16 32 8 4 8 64 16 Right [0]
76 704 0 4 4 2 0 2 32 32 4 16 32 8 4 8 64 16 Right [0]
77 776 0 4 8 2 0 0 2 64 4 16 32 8 4 8 64 16 Left [1]
78 776 4 8 2 0 2 64 0 2 4 16 32 8 4 8 64 16 Right [0]
79 776 0 4 8 2 2 2 64 2 4 16 32 8 4 8 64 16 Right [0]
80 780 2 4 8 2 0 4 64 2 4 16 32 8 4 8 64 16 Left [1]
81 780 2 4 8 2 4 64 2 4 4 16 32 8 4 8 64 16 Down [2]
82 788 4 4 8 2 2 64 2 4 4 16 32 8 8 8 64 16 Right [0]
83 812 4 8 8 2 2 64 2 4 4 16 32 8 0 16 64 16 Right [0]
84 828 2 4 16 2 2 64 2 4 4 16 32 8 0 16 64 16 Left [1]
85 828 2 4 16 2 2 64 2 4 4 16 32 8 16 64 16 2 Down [2]
86 832 2 4 16 2 4 64 2 4 4 16 32 8 16 64 16 2 Down [2]
87 840 2 4 16 2 2 64 2 4 8 16 32 8 16 64 16 2 Down [2]
88 844 2 4 16 2 4 64 2 4 8 16 32 8 16 64 16 2 LOOSE [-1]
