4 4
0 0 0 0 2 0 0 0 0 0 0 0 0 4 0 0 0 0 Right [0]
1 0 0 0 0 2 0 0 0 4 0 0 0 4 0 0 0 0 Left [1]
2 0 2 0 0 0 4 0 0 0 4 0 0 0 4 0 0 0 Right [0]
3 0 0 0 0 2 0 0 0 4 0 0 0 4 2 0 0 4 Right [0]
4 0 0 0 0 2 0 0 0 4 4 0 0 4 0 0 2 4 Right [0]
5 8 0 0 0 2 0 0 0 4 2 0 0 8 0 0 2 4 Right [0]
6 8 0 0 0 2 2 0 0 4 0 0 2 8 0 0 2 4 Right [0]
7 8 0 0 0 2 0 0 2 4 0 0 2 8 2 0 2 4 Right [0]
8 12 0 0 2 2 0 0 2 4 0 0 2 8 0 0 4 4 Right [0]
9 24 0 0 0 4 0 0 2 4 0 0 2 8 4 0 0 8 Right [0]
10 24 2 0 0 4 0 0 2 4 0 0 2 8 0 0 4 8 Right [0]
11 24 0 2 2 4 0 0 2 4 0 0 2 8 0 0 4 8 Right [0]
12 28 0 0 4 4 0 0 2 4 0 0 2 8 2 0 4 8 Right [0]
13 36 0 0 0 8 0 0 2 4 0 0 2 8 4 2 4 8 Left [1]
14 36 8 0 0 2 2 4 0 0 2 8 0 0 4 2 4 8 Right [0]
15 36 0 2 8 2 0 0 2 4 0 0 2 8 4 2 4 8 Left [1]
16 36 2 8 2 0 2 4 0 0 2 8 2 0 4 2 4 8 Right [0]
17 36 0 2 8 2 0 4 2 4 0 2 8 2 4 2 4 8 Left [1]
18 36 2 8 2 4 4 2 4 0 2 8 2 0 4 2 4 8 Right [0]
19 36 2 8 2 4 0 4 2 4 2 2 8 2 4 2 4 8 Right [0]
20 40 2 8 2 4 2 4 2 4 0 4 8 2 4 2 4 8 Left [1]
21 40 2 8 2 4 2 4 2 4 4 8 2 2 4 2 4 8 Right [0]
22 44 2 8 2 4 2 4 2 4 4 4 8 4 4 2 4 8 Right [0]
23 52 2 8 2 4 2 4 2 4 2 8 8 4 4 2 4 8 Right [0]
24 68 2 8 2 4 2 4 2 4 2 2 16 4 4 2 4 8 Right [0]
25 72 2 8 2 4 2 4 2 4 4 4 16 4 4 2 4 8 Right [0]
26 80 2 8 2 4 2 4 2 4 2 8 16 4 4 2 4 8 Down [2]
27 96 0 8 4 0 2 4 4 4 4 8 16 8 4 2 4 8 Right [0]
28 104 0 2 8 4 0 2 4 8 4 8 16 8 4 2 4 8 Left [1]
29 104 2 8 4 4 2 4 8 0 4 8 16 8 4 2 4 8 Right [0]
30 112 4 2 8 8 0 2 4 8 4 8 16 8 4 2 4 8 Right [0]
31 128 2 4 2 16 0 2 4 8 4 8 16 8 4 2 4 8 Left [1]
32 128 2 4 2 16 2 4 8 4 4 8 16 8 4 2 4 8 Down [2]
33 164 0 0 2 0 2 8 8 16 4 8 16 4 8 2 4 16 Right [0]
34 180 2 0 0 2 0 2 16 16 4 8 16 4 8 2 4 16 Right [0]
35 216 0 0 0 4 4 0 2 32 4 8 16 4 8 2 4 16 Right [0]
36 216 0 0 0 4 2 4 2 32 4 8 16 4 8 2 4 16 Left [1]
37 216 4 0 0 4 2 4 2 32 4 8 16 4 8 2 4 16 Right [0]
38 224 0 0 2 8 2 4 2 32 4 8 16 4 8 2 4 16 Left [1]
39 224 2 8 0 4 2 4 2 32 4 8 16 4 8 2 4 16 Right [0]
40 224 4 2 8 4 2 4 2 32 4 8 16 4 8 2 4 16 LOOSE [-1]
