4 4
0 0 0 0 0 0 0 0 0 0 0 0 2 4 0 0 0 0 Left [1]
1 0 0 0 0 0 0 0 0 4 2 4 0 0 0 0 0 0 Right [0]
2 0 0 0 0 0 0 0 2 4 0 0 2 4 0 0 0 0 Left [1]
3 0 0 0 0 0 2 4 0 0 2 4 0 0 0 0 2 0 Right [0]
4 0 0 0 0 0 0 2 2 4 0 0 2 4 0 0 0 2 Right [0]
5 4 2 0 0 0 0 0 4 4 0 0 2 4 0 0 0 2 Right [0]
6 12 0 0 0 2 0 0 0 8 0 0 2 4 0 0 2 2 Right [0]
7 16 0 0 0 2 0 4 0 8 0 0 2 4 0 0 0 4 Right [0]
8 16 0 0 0 2 0 0 4 8 0 0 2 4 0 2 0 4 Right [0]
9 16 0 0 0 2 0 0 4 8 0 0 2 4 0 4 2 4 Left [1]
10 16 2 0 0 0 4 8 0 0 2 4 2 0 4 2 4 0 Right [0]
11 16 0 0 0 2 0 0 4 8 4 2 4 2 0 4 2 4 Left [1]
12 16 2 0 2 0 4 8 0 0 4 2 4 2 4 2 4 0 Right [0]
13 20 2 0 0 4 0 0 4 8 4 2 4 2 0 4 2 4 Right [0]
14 20 2 0 2 4 0 0 4 8 4 2 4 2 0 4 2 4 Right [0]
15 24 0 0 4 4 0 2 4 8 4 2 4 2 0 4 2 4 Right [0]
16 32 0 0 0 8 0 2 4 8 4 2 4 2 4 4 2 4 Right [0]
17 40 0 4 0 8 0 2 4 8 4 2 4 2 0 8 2 4 Right [0]
18 40 0 0 4 8 4 2 4 8 4 2 4 2 0 8 2 4 Left [1]
19 40 4 8 0 0 4 2 4 8 4 2 4 2 8 2 4 2 Right [0]
20 40 0 4 4 8 4 2 4 8 4 2 4 2 8 2 4 2 Right [0]
21 48 4 0 8 8 4 2 4 8 4 2 4 2 8 2 4 2 Right [0]
22 64 0 2 4 16 4 2 4 8 4 2 4 2 8 2 4 2 Left [1]
23 64 2 4 16 2 4 2 4 8 4 2 4 2 8 2 4 2 Down [2]
24 88 0 4 0 0 2 4 16 2 8 2 4 8 8 4 8 4 Right [0]
25 88 2 0 0 4 2 4 16 2 8 2 4 8 8 4 8 4 Right [0]
26 88 0 2 2 4 2 4 16 2 8 2 4 8 8 4 8 4 Right [0]
27 92 4 0 4 4 2 4 16 2 8 2 4 8 8 4 8 4 Right [0]
28 100 2 0 4 8 2 4 16 2 8 2 4 8 8 4 8 4 Right [0]
29 100 2 2 4 8 2 4 16 2 8 2 4 8 8 4 8 4 Right [0]
30 104 4 4 4 8 2 4 16 2 8 2 4 8 8 4 8 4 Right [0]
31 112 2 4 8 8 2 4 16 2 8 2 4 8 8 4 8 4 Right [0]
32 128 2 2 4 16 2 4 16 2 8 2 4 8 8 4 8 4 Right [0]
33 132 2 4 4 16 2 4 16 2 8 2 4 8 8 4 8 4 Right [0]
34 140 2 2 8 16 2 4 16 2 8 2 4 8 8 4 8 4 Right [0]
35 144 2 4 8 16 2 4 16 2 8 2 4 8 8 4 8 4 Down [2]
36 172 0 0 8 16 2 8 16 2 4 2 4 8 16 4 8 4 Left [1]
37 172 8 16 4 0 2 8 16 2 4 2 4 8 16 4 8 4 Right [0]
38 172 2 8 16 4 2 8 16 2 4 2 4 8 16 4 8 4 Down [2]
39 224 0 0 2 4 4 16 32 2 4 2 4 8 16 4 8 4 Left [1]
40 224 2 4 2 0 4 16 32 2 4 2 4 8 16 4 8 4 Right [0]
41 224 2 2 4 2 4 16 32 2 4 2 4 8 16 4 8 4 Right [0]
42 228 2 4 4 2 4 16 32 2 4 2 4 8 16 4 8 4 Right [0]
43 236 2 2 8 2 4 16 32 2 4 2 4 8 16 4 8 4 Right [0]
44 240 2 4 8 2 4 16 32 2 4 2 4 8 16 4 8 4 Down [2]
45 252 0 4 8 4 2 16 32 4 8 2 4 8 16 4 8 4 Left [1]
46 252 4 8 4 4 2 16 32 4 8 2 4 8 16 4 8 4 Right [0]
47 260 2 4 8 8 2 16 32 4 8 2 4 8 16 4 8 4 Right [0]
48 276 2 2 4 16 2 16 32 4 8 2 4 8 16 4 8 4 Right [0]
49 280 2 4 4 16 2 16 32 4 8 2 4 8 16 4 8 4 Right [0]
50 288 4 2 8 16 2 16 32 4 8 2 4 8 16 4 8 4 LOOSE [-1]
