4 4
0 0 0 0 0 0 0 2 0 4 0 0 0 0 0 0 0 0 Right [0]
1 0 0 0 0 0 0 2 2 4 0 0 0 0 0 0 0 0 Right [0]
2 4 0 0 4 0 0 0 4 4 0 0 0 0 0 0 0 0 Right [0]
3 12 0 0 0 4 0 0 0 8 4 0 0 0 0 0 0 0 Right [0]
4 12 0 2 0 4 0 0 0 8 0 0 0 4 0 0 0 0 Right [0]
5 12 0 0 2 4 0 0 0 8 0 0 0 4 0 0 2 0 Right [0]
6 12 0 0 2 4 0 0 2 8 0 0 0 4 0 0 0 2 Left [1]
7 12 2 4 0 0 2 8 0 0 4 0 0 0 2 0 0 2 Right [0]
8 16 0 0 2 4 0 0 2 8 0 2 0 4 0 0 0 4 Right [0]
9 16 0 0 2 4 4 0 2 8 0 0 2 4 0 0 0 4 Right [0]
10 16 0 0 2 4 0 4 2 8 0 4 2 4 0 0 0 4 Left [1]
11 16 2 4 0 0 4 2 8 4 4 2 4 0 4 0 0 0 Right [0]
12 16 0 0 2 4 4 2 8 4 0 4 2 4 0 2 0 4 Right [0]
13 16 2 0 2 4 4 2 8 4 0 4 2 4 0 0 2 4 Right [0]
14 20 0 4 4 4 4 2 8 4 0 4 2 4 0 0 2 4 Right [0]
15 28 0 2 4 8 4 2 8 4 0 4 2 4 0 0 2 4 Left [1]
16 28 2 4 8 0 4 2 8 4 4 2 4 0 2 4 2 0 Right [0]
17 28 2 2 4 8 4 2 8 4 0 4 2 4 0 2 4 2 Right [0]
18 32 0 4 4 8 4 2 8 4 0 4 2 4 4 2 4 2 Right [0]
19 40 0 4 8 8 4 2 8 4 0 4 2 4 4 2 4 2 Right [0]
20 56 2 0 4 16 4 2 8 4 0 4 2 4 4 2 4 2 Right [0]
21 56 0 2 4 16 4 2 8 4 4 4 2 4 4 2 4 2 Right [0]
22 64 0 2 4 16 4 2 8 4 4 8 2 4 4 2 4 2 Left [1]
23 64 2 4 16 4 4 2 8 4 4 8 2 4 4 2 4 2 Down [2]
24 80 0 4 16 4 2 2 8 4 4 8 2 8 8 2 4 2 Right [0]
25 84 0 4 16 4 4 4 8 4 4 8 2 8 8 2 4 2 Right [0]
26 92 0 4 16 4 2 8 8 4 4 8 2 8 8 2 4 2 Right [0]
27 108 4 4 16 4 0 2 16 4 4 8 2 8 8 2 4 2 Right [0]
28 116 0 8 16 4 2 2 16 4 4 8 2 8 8 2 4 2 Right [0]
29 120 0 8 16 4 2 4 16 4 4 8 2 8 8 2 4 2 Left [1]
30 120 8 16 4 2 2 4 16 4 4 8 2 8 8 2 4 2 LOOSE [-1]
