4 4
0 0 0 0 0 0 0 0 0 2 0 0 0 4 0 0 0 0 Down [0]
1 0 0 0 0 0 0 0 0 0 0 0 0 2 0 0 4 4 Up [0]
2 0 0 0 4 2 0 0 0 4 0 0 2 0 0 0 0 0 Right [0]
3 0 0 0 4 2 0 4 0 4 0 0 0 2 0 0 0 0 Right [0]
4 8 0 0 4 2 2 0 0 8 0 0 0 2 0 0 0 0 Right [0]
5 8 0 0 4 2 0 0 2 8 0 0 0 2 0 0 0 4 Down [2]
6 8 0 0 0 2 0 0 0 8 2 0 4 2 0 0 2 4 Up [0]
7 8 2 0 4 2 0 4 2 8 0 0 0 2 0 0 0 4 Left [0]
8 8 2 4 2 4 4 2 8 0 2 0 0 0 4 0 0 0 Down [0]
9 8 2 0 4 0 4 0 0 0 2 4 2 0 4 2 8 4 Left [0]
10 8 2 4 2 0 4 0 0 0 2 4 2 0 4 2 8 4 Right [0]
11 8 4 2 4 2 0 0 0 4 0 2 4 2 4 2 8 4 Up [0]
12 28 8 4 8 2 0 2 8 4 0 0 0 2 4 0 0 4 Down [0]
13 44 0 0 0 2 0 4 0 4 8 4 0 2 4 2 16 4 Up [0]
14 52 8 8 16 2 4 2 0 4 0 0 0 2 4 0 0 4 Down [0]
15 60 4 0 0 2 0 0 0 4 8 8 0 2 8 2 16 4 Up [0]
16 76 4 8 16 2 16 2 0 4 0 0 0 2 4 0 0 4 Right [0]
17 84 4 8 16 2 0 16 2 4 0 0 0 2 0 4 0 8 Down [0]
18 84 0 0 0 2 0 8 0 4 2 16 16 2 4 4 2 8 Up [0]
19 84 2 8 16 2 4 16 2 4 4 4 0 2 0 0 0 8 Down [0]
20 92 0 0 0 2 0 8 4 4 2 16 16 2 8 4 2 8 Up [0]
21 92 2 8 4 2 8 16 16 4 0 4 2 2 2 0 0 8 Up [0]
22 92 2 8 4 2 8 16 16 4 2 4 2 2 2 0 0 8 Right [0]
23 128 2 8 4 2 0 8 32 4 2 2 4 4 0 0 2 8 Up [0]
24 156 4 16 4 2 0 2 32 8 0 0 4 8 0 4 2 0 Right [0]
25 156 4 16 4 2 0 2 32 8 0 2 4 8 0 0 4 2 Up [0]
26 184 4 16 4 2 0 4 32 16 0 0 8 2 4 0 0 0 Down [0]
27 192 0 2 0 0 0 0 4 2 0 16 32 16 8 4 8 2 Up [0]
28 192 8 2 4 2 0 16 32 16 2 4 8 2 0 0 0 0 Left [0]
29 192 8 2 4 2 16 32 16 2 2 4 8 2 0 0 0 0 Down [0]
30 196 0 0 4 0 8 2 4 0 16 32 16 2 2 4 8 4 Up [0]
31 204 8 2 8 2 16 32 16 4 2 4 8 0 2 0 0 0 Up [0]
32 208 8 2 8 2 16 32 16 4 4 4 8 0 0 2 0 0 Right [0]
33 216 8 2 8 2 16 32 16 4 0 4 8 8 0 0 0 2 Left [0]
34 232 8 2 8 2 16 32 16 4 4 16 0 0 2 0 0 4 Right [0]
35 232 8 2 8 2 16 32 16 4 0 0 4 16 0 4 2 4 Left [0]
36 232 8 2 8 2 16 32 16 4 4 16 4 0 4 2 4 0 Right [0]
37 232 8 2 8 2 16 32 16 4 2 4 16 4 0 4 2 4 Left [0]
38 232 8 2 8 2 16 32 16 4 2 4 16 4 4 2 4 2 Up [1]
39 272 8 2 8 2 16 32 32 8 2 4 4 2 4 2 0 4 Down [0]
40 272 8 2 4 2 16 32 8 8 2 4 32 2 4 2 4 4 Right [0]
41 296 8 2 4 2 0 16 32 16 2 4 32 2 2 4 2 8 Down [1]
42 372 0 0 0 2 2 2 4 16 8 16 64 2 4 8 2 8 Left [0]
43 376 2 0 0 0 4 4 16 4 8 16 64 2 4 8 2 8 Left [0]
44 384 2 0 0 2 8 16 4 0 8 16 64 2 4 8 2 8 Up [0]
45 436 2 32 4 4 16 8 64 8 4 0 2 0 0 4 0 0 Right [0]
46 444 0 2 32 8 16 8 64 8 2 0 4 2 0 0 0 4 Right [0]
47 444 0 2 32 8 16 8 64 8 0 2 4 2 0 0 4 4 Down [0]
48 468 0 0 0 0 2 2 32 16 0 8 64 2 16 2 8 4 Up [0]
49 468 2 2 32 16 16 8 64 2 0 2 8 4 0 4 0 0 Left [1]
50 472 4 32 16 0 16 8 64 2 2 8 4 0 4 2 0 0 Down [0]
51 488 4 0 0 4 16 32 16 0 2 16 64 0 4 2 4 2 Right [0]
52 496 0 0 4 8 0 16 32 16 0 2 16 64 4 2 4 2 Left [1]
53 496 4 8 2 0 16 32 16 0 2 16 64 0 4 2 4 2 Right [0]
54 496 0 4 8 2 4 16 32 16 0 2 16 64 4 2 4 2 Down [0]
55 508 4 0 8 2 0 4 32 16 0 16 16 64 8 4 4 2 Down [0]
56 508 0 0 8 2 4 4 32 16 4 16 16 64 8 4 4 2 Left [0]
57 556 8 2 0 0 8 32 16 0 4 32 64 0 8 8 2 4 Up [0]
58 636 16 2 16 4 4 64 64 0 8 8 2 0 0 0 4 0 Right [0]
59 780 16 2 16 4 0 0 4 128 0 0 16 2 0 2 0 4 Down [0]
60 784 0 0 0 4 0 0 16 128 4 0 4 2 16 4 16 4 Up [0]
61 784 4 4 16 4 16 0 4 128 0 0 16 2 4 0 0 4 Right [0]
62 800 0 8 16 4 0 16 4 128 0 2 16 2 0 0 0 8 Left [0]
63 800 8 16 4 0 16 4 128 0 2 16 2 0 8 4 0 0 Right [1]
64 800 0 8 16 4 0 16 4 128 2 2 16 2 0 0 8 4 Down [0]
65 800 0 0 16 4 4 8 4 128 0 16 16 2 2 2 8 4 Left [0]
66 836 16 4 0 4 4 8 4 128 32 2 0 0 4 8 4 0 Left [0]
67 844 16 8 0 4 4 8 4 128 32 2 0 0 4 8 4 0 Up [0]
68 868 16 16 8 4 4 2 0 128 32 8 0 4 4 0 0 0 Left [0]
69 900 32 8 4 0 4 2 128 0 32 8 4 0 4 0 0 2 Left [0]
70 900 32 8 4 0 4 2 128 4 32 8 4 0 4 2 0 0 Down [0]
71 900 32 8 4 0 4 2 4 0 32 8 128 0 4 2 4 4 Left [0]
72 908 32 8 4 0 4 2 4 0 32 8 128 2 4 2 8 0 Down [0]
73 916 32 8 0 0 4 2 8 4 32 8 128 0 4 2 8 2 Up [1]
74 916 32 8 8 4 4 2 128 2 32 8 8 4 4 2 0 0 Right [0]
75 948 0 32 16 4 4 2 128 2 0 32 16 4 2 0 4 2 Left [0]
76 948 32 16 4 0 4 2 128 2 32 16 4 4 2 4 2 0 Down [0]
77 948 32 16 4 0 4 2 128 4 32 16 4 2 2 4 2 4 Right [1]
78 948 4 32 16 4 4 2 128 4 32 16 4 2 2 4 2 4 Up [0]
79 964 8 32 16 8 32 2 128 2 2 16 4 4 0 4 2 2 Right [0]
80 976 8 32 16 8 32 2 128 2 0 2 16 8 2 0 4 4 Left [0]
81 984 8 32 16 8 32 2 128 2 2 16 8 0 2 8 4 0 Down [0]
82 988 0 32 16 0 8 2 128 4 32 16 8 8 4 8 4 2 Left [0]
83 1004 32 16 0 0 8 2 128 4 32 16 16 2 4 8 4 2 Down [0]
84 1008 32 16 4 0 8 2 128 0 32 16 16 4 4 8 4 4 Right [0]
85 1048 0 32 16 4 0 8 2 128 0 32 32 4 2 4 8 8 Left [0]
86 1128 32 16 4 0 8 2 128 0 64 4 0 0 2 4 16 2 Up [1]
87 1136 32 16 4 2 8 2 128 0 64 8 16 0 2 0 2 0 Down [1]
88 1136 32 2 4 0 8 16 128 0 64 2 16 0 2 8 2 2 Right [0]
89 1140 0 32 2 4 0 8 16 128 4 64 2 16 0 2 8 4 Up [0]
90 1140 4 32 2 4 2 8 16 128 0 64 2 16 0 2 8 4 Down [1]
91 1140 0 32 2 4 4 8 16 128 4 64 2 16 2 2 8 4 Up [0]
92 1148 8 32 2 4 2 8 16 128 4 64 2 16 0 2 8 4 Down [0]
93 1148 2 32 2 4 8 8 16 128 2 64 2 16 4 2 8 4 Right [0]
94 1164 2 32 2 4 4 16 16 128 2 64 2 16 4 2 8 4 Left [0]
95 1196 2 32 2 4 4 32 128 2 2 64 2 16 4 2 8 4 Up [2]
96 1260 2 64 2 4 4 64 128 2 2 2 2 16 4 4 8 4 Right [0]
97 1272 2 64 2 4 4 64 128 2 2 2 4 16 0 8 8 4 Up [0]
98 1400 2 128 2 4 4 2 128 2 2 8 4 16 4 0 8 4 Left [1]
99 1400 2 128 2 4 4 2 128 2 2 8 4 16 4 8 4 2 Up [1]
100 1424 2 128 2 4 4 2 128 2 2 16 8 16 4 0 2 2 Down [0]
101 1424 2 4 2 4 4 128 128 2 2 2 8 16 4 16 2 2 Left [1]
102 1688 2 4 2 4 4 256 2 0 4 8 16 0 4 16 4 2 Right [0]
103 1688 2 4 2 4 4 4 256 2 0 4 8 16 4 16 4 2 Right [0]
104 1696 2 4 2 4 4 8 256 2 0 4 8 16 4 16 4 2 Left [0]
105 1696 2 4 2 4 4 8 256 2 4 8 16 2 4 16 4 2 Up [2]
106 1724 2 4 2 4 8 16 256 4 4 16 16 2 4 0 4 0 Down [0]
107 1772 4 0 2 0 2 0 256 0 8 4 16 8 8 32 4 2 Up [0]
108 1788 4 4 2 8 2 32 256 2 16 0 16 0 0 0 4 2 Left [0]
109 1828 8 2 8 0 2 32 256 2 32 0 0 2 4 2 0 0 Down [0]
110 1832 8 0 0 0 2 2 0 0 32 32 8 4 4 2 256 4 Down [0]
111 1840 8 4 0 0 2 2 0 0 32 32 8 0 4 2 256 8 Left [0]
112 1908 8 4 4 0 4 0 0 0 64 8 0 0 4 2 256 8 Left [0]
113 1916 8 8 0 0 4 2 0 0 64 8 0 0 4 2 256 8 Right [1]
114 1932 0 0 0 16 0 2 4 2 0 0 64 8 4 2 256 8 Up [0]
115 1952 4 4 4 16 4 0 64 2 0 0 256 16 0 0 0 0 Up [0]
116 1960 8 4 4 16 2 0 64 2 0 0 256 16 0 0 0 0 Right [0]
117 1968 0 8 8 16 4 2 64 2 0 0 256 16 0 0 0 0 Up [0]
118 1968 4 8 8 16 0 2 64 2 0 0 256 16 0 0 2 0 Left [0]
119 1984 4 16 16 0 2 64 2 0 256 16 0 0 2 0 0 4 Left [0]
120 2016 4 32 0 0 2 64 2 0 256 16 0 0 2 4 0 2 Right [0]
121 2016 0 0 4 32 0 2 64 2 4 0 256 16 0 2 4 2 Up [0]
122 2020 4 4 4 32 4 0 64 2 0 0 256 16 0 0 4 2 Down [0]
123 2028 0 0 4 32 0 4 64 2 0 0 256 16 8 4 4 2 Down [0]
124 2036 0 2 4 32 0 0 64 2 0 0 256 16 8 8 4 2 Left [0]
125 2052 2 4 32 0 64 2 0 4 256 16 0 0 16 4 2 0 Right [0]
126 2052 0 2 4 32 4 64 2 4 0 0 256 16 0 16 4 2 Left [0]
127 2052 2 4 32 0 4 64 2 4 256 16 4 0 16 4 2 0 Up [0]
128 2052 2 4 32 4 4 64 2 0 256 16 4 0 16 4 2 4 Right [0]
129 2052 2 4 32 4 2 4 64 2 0 256 16 4 16 4 2 4 Left [0]
130 2052 2 4 32 4 2 4 64 2 256 16 4 4 16 4 2 4 Left [0]
131 2060 2 4 32 4 2 4 64 2 256 16 8 2 16 4 2 4 Down [2]
132 2076 2 0 32 0 4 8 64 4 256 16 8 4 16 4 2 4 Right [0]
133 2076 0 4 2 32 4 8 64 4 256 16 8 4 16 4 2 4 Left [0]
134 2076 4 2 32 4 4 8 64 4 256 16 8 4 16 4 2 4 Down [1]
135 2100 4 2 32 0 8 8 64 0 256 16 8 8 16 4 2 8 Right [0]
136 2132 0 4 2 32 2 0 16 64 0 256 16 16 16 4 2 8 Left [0]
137 2164 4 2 32 0 2 16 64 4 256 32 0 0 16 4 2 8 Up [0]
138 2164 4 2 32 4 2 16 64 8 256 32 2 2 16 4 0 0 Down [0]
139 2164 4 2 0 2 2 16 32 4 256 32 64 8 16 4 2 2 Up [0]
140 2164 4 2 32 2 2 16 64 4 256 32 2 8 16 4 2 2 Left [0]
141 2168 4 2 32 2 2 16 64 4 256 32 2 8 16 4 4 2 Left [0]
142 2176 4 2 32 2 2 16 64 4 256 32 2 8 16 8 2 2 Right [0]
143 2180 4 2 32 2 2 16 64 4 256 32 2 8 2 16 8 4 LOOSE [-1]
