4 4
0 0 0 0 0 0 0 2 0 0 0 0 0 4 0 0 0 0 Right [0]
1 0 0 0 0 0 0 2 0 2 0 0 0 4 0 0 0 0 Right [0]
2 4 0 0 0 0 0 0 0 4 0 0 0 4 4 0 0 0 Right [0]
3 4 0 0 0 0 0 0 2 4 0 0 0 4 0 0 0 4 Left [1]
4 4 0 0 0 0 2 4 0 0 4 0 4 0 4 0 0 0 Right [0]
5 12 0 0 4 0 0 0 2 4 0 0 0 8 0 0 0 4 Right [0]
6 12 0 0 0 4 2 0 2 4 0 0 0 8 0 0 0 4 Right [0]
7 16 0 0 0 4 4 0 4 4 0 0 0 8 0 0 0 4 Right [0]
8 24 2 0 0 4 0 0 4 8 0 0 0 8 0 0 0 4 Right [0]
9 24 0 0 2 4 0 0 4 8 0 0 0 8 4 0 0 4 Right [0]
10 32 0 0 2 4 0 0 4 8 0 0 0 8 0 0 2 8 Left [1]
11 32 2 4 0 0 4 8 0 0 8 2 0 0 2 8 0 0 Right [0]
12 32 0 0 2 4 2 0 4 8 0 0 8 2 0 0 2 8 Right [0]
13 32 0 0 2 4 0 2 4 8 0 0 8 2 2 0 2 8 Right [0]
14 36 0 0 2 4 0 2 4 8 2 0 8 2 0 0 4 8 Right [0]
15 36 0 0 2 4 0 2 4 8 4 2 8 2 0 0 4 8 Left [1]
16 36 2 4 0 4 2 4 8 0 4 2 8 2 4 8 0 0 Right [0]
17 44 0 0 2 8 0 2 4 8 4 2 8 2 0 2 4 8 Left [1]
18 44 2 8 0 0 2 4 8 0 4 2 8 2 2 4 8 2 Right [0]
19 44 2 0 2 8 0 2 4 8 4 2 8 2 2 4 8 2 Right [0]
20 48 0 4 4 8 0 2 4 8 4 2 8 2 2 4 8 2 Right [0]
21 56 0 4 8 8 0 2 4 8 4 2 8 2 2 4 8 2 Right [0]
22 72 0 0 4 16 2 2 4 8 4 2 8 2 2 4 8 2 Right [0]
23 76 0 0 4 16 4 4 4 8 4 2 8 2 2 4 8 2 Right [0]
24 84 0 0 4 16 2 4 8 8 4 2 8 2 2 4 8 2 Right [0]
25 100 4 0 4 16 0 2 4 16 4 2 8 2 2 4 8 2 Right [0]
26 108 0 2 8 16 0 2 4 16 4 2 8 2 2 4 8 2 Left [1]
27 108 2 8 16 0 2 4 16 4 4 2 8 2 2 4 8 2 Right [0]
28 108 2 2 8 16 2 4 16 4 4 2 8 2 2 4 8 2 Right [0]
29 112 4 4 8 16 2 4 16 4 4 2 8 2 2 4 8 2 Right [0]
30 120 2 8 8 16 2 4 16 4 4 2 8 2 2 4 8 2 Right [0]
31 136 4 2 16 16 2 4 16 4 4 2 8 2 2 4 8 2 Right [0]
32 168 4 4 2 32 2 4 16 4 4 2 8 2 2 4 8 2 Right [0]
33 176 4 8 2 32 2 4 16 4 4 2 8 2 2 4 8 2 Down [2]
34 196 4 8 0 4 2 4 2 32 4 2 16 4 2 4 16 4 Right [0]
35 196 4 4 8 4 2 4 2 32 4 2 16 4 2 4 16 4 Right [0]
36 204 4 8 8 4 2 4 2 32 4 2 16 4 2 4 16 4 Right [0]
37 220 2 4 16 4 2 4 2 32 4 2 16 4 2 4 16 4 Down [2]
38 272 0 0 0 4 4 8 16 4 4 2 2 32 2 4 32 8 Right [0]
39 276 0 0 2 4 4 8 16 4 0 4 4 32 2 4 32 8 Right [0]
40 284 0 0 2 4 4 8 16 4 0 2 8 32 2 4 32 8 Left [1]
41 284 2 4 0 0 4 8 16 4 2 8 32 2 2 4 32 8 Right [0]
42 284 0 2 2 4 4 8 16 4 2 8 32 2 2 4 32 8 Right [0]
43 288 2 0 4 4 4 8 16 4 2 8 32 2 2 4 32 8 Right [0]
44 296 2 0 2 8 4 8 16 4 2 8 32 2 2 4 32 8 Right [0]
45 300 0 2 4 8 4 8 16 4 2 8 32 2 2 4 32 8 Left [1]
46 300 2 4 8 2 4 8 16 4 2 8 32 2 2 4 32 8 Down [2]
47 384 0 0 4 2 2 4 8 4 4 16 16 2 4 4 64 8 Right [0]
48 424 0 0 4 2 2 4 8 4 0 4 32 2 2 8 64 8 Left [1]
49 424 4 2 2 0 2 4 8 4 4 32 2 0 2 8 64 8 Right [0]
50 428 4 0 4 4 2 4 8 4 0 4 32 2 2 8 64 8 Right [0]
51 436 0 2 4 8 2 4 8 4 0 4 32 2 2 8 64 8 Left [1]
52 436 2 4 8 0 2 4 8 4 4 32 2 4 2 8 64 8 Right [0]
53 436 4 2 4 8 2 4 8 4 4 32 2 4 2 8 64 8 Down [2]
54 444 4 2 4 2 2 4 8 8 4 32 2 8 2 8 64 8 Right [0]
55 460 4 2 4 2 4 2 4 16 4 32 2 8 2 8 64 8 Down [2]
56 496 0 0 4 0 4 4 8 2 8 32 2 16 2 8 64 16 Right [0]
57 504 0 0 4 4 0 8 8 2 8 32 2 16 2 8 64 16 Right [0]
58 528 0 0 0 8 2 0 16 2 8 32 2 16 2 8 64 16 Right [0]
59 528 2 0 0 8 0 2 16 2 8 32 2 16 2 8 64 16 Right [0]
60 528 0 4 2 8 0 2 16 2 8 32 2 16 2 8 64 16 Left [1]
61 528 4 2 8 4 2 16 2 0 8 32 2 16 2 8 64 16 Right [0]
62 528 4 2 8 4 2 2 16 2 8 32 2 16 2 8 64 16 Right [0]
63 532 4 2 8 4 2 4 16 2 8 32 2 16 2 8 64 16 Down [2]
64 564 4 2 8 4 2 4 16 4 8 32 2 2 2 8 64 32 Right [0]
65 568 4 2 8 4 2 4 16 4 4 8 32 4 2 8 64 32 Down [2]
66 592 4 0 8 2 2 2 16 4 4 4 32 8 2 16 64 32 Right [0]
67 604 0 4 8 2 4 4 16 4 0 8 32 8 2 16 64 32 Right [0]
68 612 0 4 8 2 0 8 16 4 4 8 32 8 2 16 64 32 Left [1]
69 612 4 8 2 0 8 16 4 4 4 8 32 8 2 16 64 32 Right [0]
70 620 4 4 8 2 0 8 16 8 4 8 32 8 2 16 64 32 Right [0]
71 628 0 8 8 2 4 8 16 8 4 8 32 8 2 16 64 32 Right [0]
72 644 0 2 16 2 4 8 16 8 4 8 32 8 2 16 64 32 Left [1]
73 644 2 16 2 2 4 8 16 8 4 8 32 8 2 16 64 32 Right [0]
74 648 2 2 16 4 4 8 16 8 4 8 32 8 2 16 64 32 Right [0]
75 652 2 4 16 4 4 8 16 8 4 8 32 8 2 16 64 32 Down [2]
76 724 0 0 0 2 2 4 32 4 8 16 32 16 2 16 64 32 Left [1]
77 724 2 0 0 2 2 4 32 4 8 16 32 16 2 16 64 32 Right [0]
78 728 0 0 4 4 2 4 32 4 8 16 32 16 2 16 64 32 Right [0]
79 736 0 0 4 8 2 4 32 4 8 16 32 16 2 16 64 32 Left [1]
80 736 4 8 4 0 2 4 32 4 8 16 32 16 2 16 64 32 Right [0]
81 736 2 4 8 4 2 4 32 4 8 16 32 16 2 16 64 32 Down [2]
82 852 0 0 0 0 4 4 8 8 8 8 64 16 2 32 64 32 Right [0]
83 892 0 0 0 0 0 0 8 16 4 16 64 16 2 32 64 32 Left [1]
84 892 0 0 2 0 8 16 0 0 4 16 64 16 2 32 64 32 Right [0]
85 892 0 0 0 2 4 0 8 16 4 16 64 16 2 32 64 32 Right [0]
86 892 0 0 0 2 4 4 8 16 4 16 64 16 2 32 64 32 Right [0]
87 900 0 2 0 2 0 8 8 16 4 16 64 16 2 32 64 32 Right [0]
88 920 0 0 0 4 0 2 16 16 4 16 64 16 2 32 64 32 Right [0]
89 952 0 0 4 4 0 0 2 32 4 16 64 16 2 32 64 32 Right [0]
90 960 0 2 0 8 0 0 2 32 4 16 64 16 2 32 64 32 Right [0]
91 960 0 0 2 8 4 0 2 32 4 16 64 16 2 32 64 32 Right [0]
92 960 4 0 2 8 0 4 2 32 4 16 64 16 2 32 64 32 Right [0]
93 960 2 4 2 8 0 4 2 32 4 16 64 16 2 32 64 32 Left [1]
94 960 2 4 2 8 4 2 32 2 4 16 64 16 2 32 64 32 Down [2]
95 1096 0 4 4 8 2 2 2 2 8 16 32 16 2 32 128 32 Right [0]
96 1112 0 0 8 8 0 2 4 4 8 16 32 16 2 32 128 32 Right [0]
97 1136 0 0 0 16 0 4 2 8 8 16 32 16 2 32 128 32 Left [1]
98 1136 16 0 0 2 4 2 8 0 8 16 32 16 2 32 128 32 Right [0]
99 1136 2 0 16 2 0 4 2 8 8 16 32 16 2 32 128 32 Right [0]
100 1136 4 2 16 2 0 4 2 8 8 16 32 16 2 32 128 32 Left [1]
101 1136 4 2 16 2 4 2 8 4 8 16 32 16 2 32 128 32 Down [2]
102 1148 4 0 16 2 8 4 8 4 8 16 32 16 2 32 128 32 Right [0]
103 1148 2 4 16 2 8 4 8 4 8 16 32 16 2 32 128 32 Down [2]
104 1172 2 0 16 2 2 8 8 4 16 16 32 16 2 32 128 32 Right [0]
105 1220 0 2 16 2 4 2 16 4 0 32 32 16 2 32 128 32 Right [0]
106 1284 2 2 16 2 4 2 16 4 0 0 64 16 2 32 128 32 Right [0]
107 1288 0 4 16 2 4 2 16 4 0 4 64 16 2 32 128 32 Left [1]
108 1288 4 16 2 4 4 2 16 4 4 64 16 0 2 32 128 32 Right [0]
109 1288 4 16 2 4 4 2 16 4 2 4 64 16 2 32 128 32 Down [2]
110 1308 0 16 2 0 4 2 16 8 8 4 64 16 4 32 128 32 Right [0]
111 1308 2 0 16 2 4 2 16 8 8 4 64 16 4 32 128 32 Right [0]
112 1308 2 2 16 2 4 2 16 8 8 4 64 16 4 32 128 32 Right [0]
113 1312 2 4 16 2 4 2 16 8 8 4 64 16 4 32 128 32 Down [2]
114 1344 2 4 2 2 4 2 32 8 8 4 64 16 4 32 128 32 Right [0]
115 1348 4 2 4 4 4 2 32 8 8 4 64 16 4 32 128 32 Right [0]
116 1356 4 4 2 8 4 2 32 8 8 4 64 16 4 32 128 32 Right [0]
117 1364 4 8 2 8 4 2 32 8 8 4 64 16 4 32 128 32 Down [2]
118 1388 4 8 2 0 8 2 32 16 8 4 64 16 4 32 128 32 Right [0]
119 1388 4 4 8 2 8 2 32 16 8 4 64 16 4 32 128 32 Right [0]
120 1396 2 8 8 2 8 2 32 16 8 4 64 16 4 32 128 32 Right [0]
121 1412 2 2 16 2 8 2 32 16 8 4 64 16 4 32 128 32 Right [0]
122 1416 4 4 16 2 8 2 32 16 8 4 64 16 4 32 128 32 Right [0]
123 1424 2 8 16 2 8 2 32 16 8 4 64 16 4 32 128 32 Down [2]
124 1472 0 8 16 4 2 2 32 2 16 4 64 32 4 32 128 32 Right [0]
125 1476 4 8 16 4 0 4 32 2 16 4 64 32 4 32 128 32 Left [1]
126 1476 4 8 16 4 4 32 2 2 16 4 64 32 4 32 128 32 Right [0]
127 1480 4 8 16 4 2 4 32 4 16 4 64 32 4 32 128 32 Down [2]
128 1560 4 4 16 0 2 8 32 0 16 8 64 8 4 32 128 64 Right [0]
129 1568 0 0 8 16 4 2 8 32 16 8 64 8 4 32 128 64 Left [1]
130 1568 8 16 0 4 4 2 8 32 16 8 64 8 4 32 128 64 Right [0]
131 1568 4 8 16 4 4 2 8 32 16 8 64 8 4 32 128 64 Down [2]
132 1576 4 8 16 4 8 2 8 32 16 8 64 8 4 32 128 64 LOOSE [-1]
