4 4
0 0 0 0 0 0 0 0 0 0 0 0 0 0 4 0 0 2 Right [0]
1 0 4 0 0 0 0 0 0 0 0 0 0 0 0 0 4 2 Right [0]
2 0 0 0 0 4 0 0 0 0 0 0 4 0 0 0 4 2 Right [0]
3 0 0 0 0 4 0 0 0 0 2 0 0 4 0 0 4 2 Right [0]
4 0 2 0 0 4 0 0 0 0 0 0 2 4 0 0 4 2 Right [0]
5 0 0 0 2 4 0 0 0 0 0 2 2 4 0 0 4 2 Right [0]
6 4 0 0 2 4 0 0 0 4 0 0 4 4 0 0 4 2 Right [0]
7 12 0 0 2 4 0 0 0 4 4 0 0 8 0 0 4 2 Right [0]
8 12 0 0 2 4 0 0 0 4 0 4 4 8 0 0 4 2 Right [0]
9 20 0 0 2 4 0 0 0 4 0 0 8 8 2 0 4 2 Right [0]
10 36 0 0 2 4 0 0 0 4 2 0 0 16 0 2 4 2 Right [0]
11 36 0 0 2 4 4 0 0 4 0 0 2 16 0 2 4 2 Right [0]
12 44 0 0 2 4 0 0 0 8 0 4 2 16 0 2 4 2 Left [1]
13 44 2 4 0 0 8 2 0 0 4 2 16 0 2 4 2 0 Right [0]
14 44 0 0 2 4 0 0 8 2 2 4 2 16 0 2 4 2 Left [1]
15 44 2 4 0 0 8 2 0 4 2 4 2 16 2 4 2 0 Right [0]
16 44 0 2 2 4 0 8 2 4 2 4 2 16 0 2 4 2 Right [0]
17 48 4 0 4 4 0 8 2 4 2 4 2 16 0 2 4 2 Right [0]
18 56 0 0 4 8 0 8 2 4 2 4 2 16 4 2 4 2 Left [1]
19 56 4 8 0 0 8 2 4 4 2 4 2 16 4 2 4 2 Right [0]
20 64 2 0 4 8 0 8 2 8 2 4 2 16 4 2 4 2 Right [0]
21 64 2 2 4 8 0 8 2 8 2 4 2 16 4 2 4 2 Right [0]
22 68 0 4 4 8 2 8 2 8 2 4 2 16 4 2 4 2 Right [0]
23 76 0 2 8 8 2 8 2 8 2 4 2 16 4 2 4 2 Right [0]
24 92 4 0 2 16 2 8 2 8 2 4 2 16 4 2 4 2 Right [0]
25 92 4 4 2 16 2 8 2 8 2 4 2 16 4 2 4 2 Right [0]
26 100 4 8 2 16 2 8 2 8 2 4 2 16 4 2 4 2 Down [2]
27 124 2 0 0 16 4 16 2 8 4 4 4 16 4 2 4 2 Right [0]
28 132 4 0 2 16 4 16 2 8 0 4 8 16 4 2 4 2 Right [0]
29 132 2 4 2 16 4 16 2 8 0 4 8 16 4 2 4 2 Left [1]
30 132 2 4 2 16 4 16 2 8 4 8 16 4 4 2 4 2 Down [2]
31 144 0 4 2 16 2 16 4 8 4 8 16 4 8 2 4 2 Left [1]
32 144 4 2 16 4 2 16 4 8 4 8 16 4 8 2 4 2 LOOSE [-1]
